Fri Jul 12 14:45:54 JST 2024 Starting job
Fri Jul 12 14:45:54 JST 2024 Conda initialized
Fri Jul 12 14:46:14 JST 2024 1 Submitting jobs: 182393 346123 165171 769087
Fri Jul 12 16:09:55 JST 2024 1 182393 769087 346123 165171 All jobs for this iteration are completed.
Fri Jul 12 16:10:15 JST 2024 2 Submitting jobs: 205732 725434 942674 990226
Fri Jul 12 18:11:06 JST 2024 2 725434 990226 942674 205732 All jobs for this iteration are completed.
Fri Jul 12 18:11:27 JST 2024 3 Submitting jobs: 453296 272607 432379 627314
Fri Jul 12 19:50:48 JST 2024 3 432379 272607 453296 627314 All jobs for this iteration are completed.
Fri Jul 12 19:51:10 JST 2024 4 Submitting jobs: 944269 2312 109369 243858
Fri Jul 12 21:52:11 JST 2024 4 944269 2312 109369 243858 All jobs for this iteration are completed.
Fri Jul 12 21:52:32 JST 2024 5 Submitting jobs: 284366 693231 885295 578741
Sat Jul 13 00:24:34 JST 2024 5 693231 885295 578741 284366 All jobs for this iteration are completed.
Sat Jul 13 00:24:55 JST 2024 6 Submitting jobs: 502118 650143 519392 545787
Sat Jul 13 02:22:06 JST 2024 6 650143 502118 519392 545787 All jobs for this iteration are completed.
Sat Jul 13 02:22:27 JST 2024 7 Submitting jobs: 379600 939475 607387 406912
Sat Jul 13 05:16:59 JST 2024 7 406912 607387 379600 939475 All jobs for this iteration are completed.
Sat Jul 13 05:17:21 JST 2024 8 Submitting jobs: 612123 837608 91678 266276
Sat Jul 13 06:57:42 JST 2024 8 837608 91678 612123 266276 All jobs for this iteration are completed.
Sat Jul 13 06:58:03 JST 2024 9 Submitting jobs: 194276 518810 299348 125859
Sat Jul 13 09:10:15 JST 2024 9 194276 299348 518810 125859 All jobs for this iteration are completed.
Sat Jul 13 09:10:35 JST 2024 10 Submitting jobs: 520536 630698 803407 175300
Sat Jul 13 11:14:36 JST 2024 10 630698 175300 803407 520536 All jobs for this iteration are completed.
Sat Jul 13 11:14:59 JST 2024 11 Submitting jobs: 253035 701671 826619 448234
Sat Jul 13 13:05:50 JST 2024 11 253035 826619 701671 448234 All jobs for this iteration are completed.
Sat Jul 13 13:06:12 JST 2024 12 Submitting jobs: 100099 437515 14753 259150
Sat Jul 13 15:14:43 JST 2024 12 437515 14753 259150 100099 All jobs for this iteration are completed.
Sat Jul 13 15:15:04 JST 2024 13 Submitting jobs: 712290 338567 398116 881366
Sat Jul 13 16:56:06 JST 2024 13 338567 398116 881366 712290 All jobs for this iteration are completed.
Sat Jul 13 16:56:26 JST 2024 14 Submitting jobs: 395442 987093 674240 875294
Sat Jul 13 19:05:08 JST 2024 14 987093 875294 674240 395442 All jobs for this iteration are completed.
Sat Jul 13 19:05:28 JST 2024 15 Submitting jobs: 378012 460994 919301 253806
Sat Jul 13 20:50:09 JST 2024 15 253806 919301 460994 378012 All jobs for this iteration are completed.
Sat Jul 13 20:50:31 JST 2024 16 Submitting jobs: 8297 28006 976998 244764
Sat Jul 13 23:30:13 JST 2024 16 28006 976998 244764 8297 All jobs for this iteration are completed.
Sat Jul 13 23:30:34 JST 2024 17 Submitting jobs: 347332 483599 970760 496881
Sun Jul 14 02:12:46 JST 2024 17 347332 970760 483599 496881 All jobs for this iteration are completed.
Sun Jul 14 02:13:00 JST 2024 18 Submitting jobs: 227826 743850 152456 834519
Sun Jul 14 04:31:02 JST 2024 18 227826 743850 834519 152456 All jobs for this iteration are completed.
Sun Jul 14 04:31:22 JST 2024 19 Submitting jobs: 576598 194372 876057 504338
Sun Jul 14 06:13:33 JST 2024 19 576598 504338 194372 876057 All jobs for this iteration are completed.
Sun Jul 14 06:13:47 JST 2024 20 Submitting jobs: 317692 609399 566468 100272
Sun Jul 14 08:47:39 JST 2024 20 100272 566468 609399 317692 All jobs for this iteration are completed.
Sun Jul 14 08:47:56 JST 2024 21 Submitting jobs: 522837 370244 64814 238956
Sun Jul 14 10:03:47 JST 2024 21 522837 370244 238956 64814 All jobs for this iteration are completed.
Sun Jul 14 10:04:08 JST 2024 22 Submitting jobs: 933597 803996 771770 617976
Sun Jul 14 12:35:41 JST 2024 22 803996 771770 933597 617976 All jobs for this iteration are completed.
Sun Jul 14 12:36:00 JST 2024 23 Submitting jobs: 987226 161139 819325 603395
Sun Jul 14 14:06:21 JST 2024 23 819325 987226 161139 603395 All jobs for this iteration are completed.
Sun Jul 14 14:06:41 JST 2024 24 Submitting jobs: 570481 167306 151472 246856
Sun Jul 14 15:38:32 JST 2024 24 570481 151472 246856 167306 All jobs for this iteration are completed.
Sun Jul 14 15:38:47 JST 2024 25 Submitting jobs: 835365 457837 986800 172569
Sun Jul 14 18:10:59 JST 2024 25 986800 172569 835365 457837 All jobs for this iteration are completed.
Sun Jul 14 18:11:17 JST 2024 26 Submitting jobs: 391975 453429 46987 388749
Sun Jul 14 20:38:29 JST 2024 26 453429 46987 391975 388749 All jobs for this iteration are completed.
Sun Jul 14 20:38:51 JST 2024 27 Submitting jobs: 745741 403059 607080 14559
Sun Jul 14 23:03:13 JST 2024 27 403059 14559 607080 745741 All jobs for this iteration are completed.
Sun Jul 14 23:03:34 JST 2024 28 Submitting jobs: 127300 603250 560080 365949
Mon Jul 15 00:50:05 JST 2024 28 603250 560080 127300 365949 All jobs for this iteration are completed.
Mon Jul 15 00:50:27 JST 2024 29 Submitting jobs: 586693 54953 25596 225916
Mon Jul 15 02:42:48 JST 2024 29 54953 586693 225916 25596 All jobs for this iteration are completed.
Mon Jul 15 02:43:10 JST 2024 30 Submitting jobs: 10554 997835 735894 115977
Mon Jul 15 05:11:02 JST 2024 30 10554 997835 115977 735894 All jobs for this iteration are completed.
Mon Jul 15 05:11:23 JST 2024 31 Submitting jobs: 403043 638162 853282 787300
Mon Jul 15 06:48:44 JST 2024 31 853282 403043 638162 787300 All jobs for this iteration are completed.
Mon Jul 15 06:49:06 JST 2024 32 Submitting jobs: 690768 36353 654756 9936
Mon Jul 15 09:19:08 JST 2024 32 654756 690768 36353 9936 All jobs for this iteration are completed.
Mon Jul 15 09:19:27 JST 2024 33 Submitting jobs: 48773 256762 600447 950272
Mon Jul 15 10:59:38 JST 2024 33 600447 256762 950272 48773 All jobs for this iteration are completed.
Mon Jul 15 11:00:01 JST 2024 34 Submitting jobs: 430969 223085 751312 406827
Mon Jul 15 12:53:53 JST 2024 34 406827 430969 223085 751312 All jobs for this iteration are completed.
Mon Jul 15 12:54:13 JST 2024 35 Submitting jobs: 71011 206253 569064 322995
Mon Jul 15 14:54:24 JST 2024 35 322995 569064 71011 206253 All jobs for this iteration are completed.
Mon Jul 15 14:54:44 JST 2024 36 Submitting jobs: 554931 977194 96999 23117
Mon Jul 15 17:22:46 JST 2024 36 23117 977194 554931 96999 All jobs for this iteration are completed.
Mon Jul 15 17:23:06 JST 2024 37 Submitting jobs: 485946 245532 440834 217635
Mon Jul 15 19:28:17 JST 2024 37 440834 245532 217635 485946 All jobs for this iteration are completed.
Mon Jul 15 19:28:38 JST 2024 38 Submitting jobs: 208487 315994 104346 385440
Mon Jul 15 21:34:50 JST 2024 38 208487 315994 385440 104346 All jobs for this iteration are completed.
Mon Jul 15 21:35:10 JST 2024 39 Submitting jobs: 566433 242760 251389 107550
Tue Jul 16 00:06:52 JST 2024 39 107550 566433 251389 242760 All jobs for this iteration are completed.
Tue Jul 16 00:07:13 JST 2024 40 Submitting jobs: 883978 817097 83620 464648
Tue Jul 16 01:58:04 JST 2024 40 83620 464648 817097 883978 All jobs for this iteration are completed.
Tue Jul 16 01:58:25 JST 2024 41 Submitting jobs: 803467 282429 984205 42508
Tue Jul 16 03:57:37 JST 2024 41 803467 984205 42508 282429 All jobs for this iteration are completed.
Tue Jul 16 03:57:58 JST 2024 42 Submitting jobs: 871614 483028 767342 127453
Tue Jul 16 06:10:20 JST 2024 42 127453 767342 483028 871614 All jobs for this iteration are completed.
Tue Jul 16 06:10:34 JST 2024 43 Submitting jobs: 212248 408504 320897 121866
Tue Jul 16 08:14:35 JST 2024 43 408504 121866 320897 212248 All jobs for this iteration are completed.
Tue Jul 16 08:14:53 JST 2024 44 Submitting jobs: 190903 530914 65466 767356
Tue Jul 16 10:01:04 JST 2024 44 767356 190903 65466 530914 All jobs for this iteration are completed.
Tue Jul 16 10:01:25 JST 2024 45 Submitting jobs: 742240 513799 405204 701968
Tue Jul 16 12:40:37 JST 2024 45 701968 405204 742240 513799 All jobs for this iteration are completed.
Tue Jul 16 12:40:58 JST 2024 46 Submitting jobs: 624011 981592 738200 116605
Tue Jul 16 14:43:30 JST 2024 46 738200 116605 624011 981592 All jobs for this iteration are completed.
Tue Jul 16 14:43:50 JST 2024 47 Submitting jobs: 353860 587498 641714 554510
Tue Jul 16 16:33:41 JST 2024 47 641714 587498 353860 554510 All jobs for this iteration are completed.
Tue Jul 16 16:34:01 JST 2024 48 Submitting jobs: 22054 402469 728032 659715
Tue Jul 16 19:28:43 JST 2024 48 402469 659715 22054 728032 All jobs for this iteration are completed.
Tue Jul 16 19:29:03 JST 2024 49 Submitting jobs: 531442 889004 911999 180468
Tue Jul 16 21:17:05 JST 2024 49 889004 180468 911999 531442 All jobs for this iteration are completed.
Tue Jul 16 21:17:26 JST 2024 50 Submitting jobs: 618959 435964 998736 941362
Tue Jul 16 23:20:37 JST 2024 50 618959 941362 998736 435964 All jobs for this iteration are completed.
