Sat Jul 13 00:27:24 JST 2024 Starting job
Sat Jul 13 00:27:24 JST 2024 Conda initialized
Sat Jul 13 00:44:03 JST 2024 1 Submitting jobs: 477983 199199 996275 980317
Sat Jul 13 03:06:34 JST 2024 1 477983 199199 996275 980317 All jobs for this iteration are completed.
Sat Jul 13 03:22:59 JST 2024 2 Submitting jobs: 681113 121053 254961 446796
Sat Jul 13 06:29:51 JST 2024 2 254961 681113 446796 121053 All jobs for this iteration are completed.
Sat Jul 13 06:46:14 JST 2024 3 Submitting jobs: 230350 565525 574569 300892
Sat Jul 13 08:26:27 JST 2024 3 300892 230350 574569 565525 All jobs for this iteration are completed.
Sat Jul 13 08:42:36 JST 2024 4 Submitting jobs: 291173 466018 861766 663475
Sat Jul 13 11:35:09 JST 2024 4 663475 291173 861766 466018 All jobs for this iteration are completed.
Sat Jul 13 11:51:32 JST 2024 5 Submitting jobs: 465479 467452 586143 945456
Sat Jul 13 14:07:23 JST 2024 5 467452 586143 465479 945456 All jobs for this iteration are completed.
Sat Jul 13 14:23:50 JST 2024 6 Submitting jobs: 924527 957105 8111 274900
Sat Jul 13 17:06:03 JST 2024 6 274900 924527 957105 8111 All jobs for this iteration are completed.
Sat Jul 13 17:22:31 JST 2024 7 Submitting jobs: 933073 139733 547998 819936
Sat Jul 13 19:31:34 JST 2024 7 547998 139733 933073 819936 All jobs for this iteration are completed.
Sat Jul 13 19:47:41 JST 2024 8 Submitting jobs: 239043 77878 514715 652561
Sat Jul 13 21:41:32 JST 2024 8 514715 239043 77878 652561 All jobs for this iteration are completed.
Sat Jul 13 21:57:53 JST 2024 9 Submitting jobs: 282731 52913 790492 662832
Sun Jul 14 00:02:45 JST 2024 9 282731 52913 662832 790492 All jobs for this iteration are completed.
Sun Jul 14 00:19:14 JST 2024 10 Submitting jobs: 305167 439032 158811 891506
Sun Jul 14 02:07:15 JST 2024 10 891506 158811 305167 439032 All jobs for this iteration are completed.
Sun Jul 14 02:22:54 JST 2024 11 Submitting jobs: 320674 737442 199845 382007
Sun Jul 14 04:01:16 JST 2024 11 737442 320674 199845 382007 All jobs for this iteration are completed.
Sun Jul 14 04:17:29 JST 2024 12 Submitting jobs: 319065 48965 218170 990241
Sun Jul 14 05:55:20 JST 2024 12 990241 319065 48965 218170 All jobs for this iteration are completed.
Sun Jul 14 06:11:52 JST 2024 13 Submitting jobs: 952968 104395 478811 402363
Sun Jul 14 08:38:24 JST 2024 13 952968 402363 478811 104395 All jobs for this iteration are completed.
Sun Jul 14 08:54:50 JST 2024 14 Submitting jobs: 403827 958848 344613 518833
Sun Jul 14 10:36:11 JST 2024 14 958848 403827 518833 344613 All jobs for this iteration are completed.
Sun Jul 14 10:52:24 JST 2024 15 Submitting jobs: 946238 769389 572203 162354
Sun Jul 14 13:22:27 JST 2024 15 769389 946238 162354 572203 All jobs for this iteration are completed.
Sun Jul 14 13:38:29 JST 2024 16 Submitting jobs: 146011 11258 970559 72452
Sun Jul 14 15:28:40 JST 2024 16 11258 970559 146011 72452 All jobs for this iteration are completed.
Sun Jul 14 15:45:05 JST 2024 17 Submitting jobs: 209899 633996 358400 277438
Sun Jul 14 17:36:17 JST 2024 17 633996 358400 277438 209899 All jobs for this iteration are completed.
Sun Jul 14 17:52:39 JST 2024 18 Submitting jobs: 584745 570280 673521 735002
Sun Jul 14 19:54:41 JST 2024 18 570280 673521 584745 735002 All jobs for this iteration are completed.
Sun Jul 14 20:11:07 JST 2024 19 Submitting jobs: 238558 496973 320492 199559
Sun Jul 14 22:03:18 JST 2024 19 238558 320492 496973 199559 All jobs for this iteration are completed.
Sun Jul 14 22:19:48 JST 2024 20 Submitting jobs: 125833 627488 26929 851572
Sun Jul 14 23:36:29 JST 2024 20 125833 851572 26929 627488 All jobs for this iteration are completed.
Sun Jul 14 23:52:59 JST 2024 21 Submitting jobs: 743473 887792 136418 285241
Mon Jul 15 01:08:10 JST 2024 21 887792 743473 285241 136418 All jobs for this iteration are completed.
Mon Jul 15 01:24:36 JST 2024 22 Submitting jobs: 663314 522814 803807 682269
Mon Jul 15 03:01:37 JST 2024 22 663314 522814 682269 803807 All jobs for this iteration are completed.
Mon Jul 15 03:17:41 JST 2024 23 Submitting jobs: 353786 586013 267024 177524
Mon Jul 15 06:01:53 JST 2024 23 267024 586013 353786 177524 All jobs for this iteration are completed.
Mon Jul 15 06:18:11 JST 2024 24 Submitting jobs: 351917 441213 413964 569189
Mon Jul 15 08:35:32 JST 2024 24 351917 413964 441213 569189 All jobs for this iteration are completed.
Mon Jul 15 08:51:57 JST 2024 25 Submitting jobs: 905654 207904 761854 186966
Mon Jul 15 09:46:58 JST 2024 25 186966 207904 761854 905654 All jobs for this iteration are completed.
Mon Jul 15 10:03:06 JST 2024 26 Submitting jobs: 518461 957097 283999 665810
Mon Jul 15 12:00:27 JST 2024 26 283999 518461 665810 957097 All jobs for this iteration are completed.
Mon Jul 15 12:17:09 JST 2024 27 Submitting jobs: 549757 705821 933420 592998
Mon Jul 15 14:38:51 JST 2024 27 549757 592998 933420 705821 All jobs for this iteration are completed.
Mon Jul 15 14:55:17 JST 2024 28 Submitting jobs: 763610 846116 757077 125358
Mon Jul 15 16:34:48 JST 2024 28 763610 757077 125358 846116 All jobs for this iteration are completed.
Mon Jul 15 16:51:08 JST 2024 29 Submitting jobs: 300031 542427 236094 956688
Mon Jul 15 17:50:09 JST 2024 29 236094 542427 300031 956688 All jobs for this iteration are completed.
Mon Jul 15 18:06:27 JST 2024 30 Submitting jobs: 106993 303338 652406 454286
Mon Jul 15 19:44:18 JST 2024 30 652406 303338 454286 106993 All jobs for this iteration are completed.
Mon Jul 15 20:00:51 JST 2024 31 Submitting jobs: 922237 77130 714357 988324
Mon Jul 15 22:40:03 JST 2024 31 714357 922237 77130 988324 All jobs for this iteration are completed.
Mon Jul 15 22:56:46 JST 2024 32 Submitting jobs: 82611 550936 147874 344316
Tue Jul 16 00:57:57 JST 2024 32 82611 550936 344316 147874 All jobs for this iteration are completed.
Tue Jul 16 01:14:27 JST 2024 33 Submitting jobs: 657372 749153 248945 274591
Tue Jul 16 02:11:48 JST 2024 33 274591 749153 248945 657372 All jobs for this iteration are completed.
Tue Jul 16 02:27:55 JST 2024 34 Submitting jobs: 28716 262773 907047 482636
Tue Jul 16 04:09:16 JST 2024 34 482636 907047 262773 28716 All jobs for this iteration are completed.
Tue Jul 16 04:25:31 JST 2024 35 Submitting jobs: 650750 26110 866214 458499
Tue Jul 16 05:55:22 JST 2024 35 26110 458499 866214 650750 All jobs for this iteration are completed.
Tue Jul 16 06:11:39 JST 2024 36 Submitting jobs: 770018 640806 989259 956096
Tue Jul 16 07:46:40 JST 2024 36 770018 956096 640806 989259 All jobs for this iteration are completed.
Tue Jul 16 08:03:03 JST 2024 37 Submitting jobs: 100513 944096 174300 46221
Tue Jul 16 09:14:04 JST 2024 37 174300 944096 46221 100513 All jobs for this iteration are completed.
Tue Jul 16 09:30:27 JST 2024 38 Submitting jobs: 592287 341317 631580 807169
Tue Jul 16 10:40:18 JST 2024 38 592287 631580 341317 807169 All jobs for this iteration are completed.
Tue Jul 16 10:57:09 JST 2024 39 Submitting jobs: 384683 924072 733195 491978
Tue Jul 16 12:20:50 JST 2024 39 384683 491978 924072 733195 All jobs for this iteration are completed.
Tue Jul 16 12:37:21 JST 2024 40 Submitting jobs: 882163 27532 128267 648935
Tue Jul 16 14:00:01 JST 2024 40 27532 648935 882163 128267 All jobs for this iteration are completed.
Tue Jul 16 14:16:41 JST 2024 41 Submitting jobs: 370192 287266 446196 703431
Tue Jul 16 15:35:12 JST 2024 41 370192 446196 703431 287266 All jobs for this iteration are completed.
Tue Jul 16 15:52:10 JST 2024 42 Submitting jobs: 685864 545119 203522 282397
Tue Jul 16 16:51:31 JST 2024 42 282397 203522 545119 685864 All jobs for this iteration are completed.
Tue Jul 16 17:07:55 JST 2024 43 Submitting jobs: 296419 579523 870358 378617
Tue Jul 16 19:19:57 JST 2024 43 378617 579523 870358 296419 All jobs for this iteration are completed.
Tue Jul 16 19:36:31 JST 2024 44 Submitting jobs: 289476 500876 573344 661791
Tue Jul 16 21:02:02 JST 2024 44 289476 661791 500876 573344 All jobs for this iteration are completed.
Tue Jul 16 21:18:27 JST 2024 45 Submitting jobs: 385967 244790 708981 979018
Tue Jul 16 23:00:48 JST 2024 45 385967 979018 708981 244790 All jobs for this iteration are completed.
Tue Jul 16 23:17:21 JST 2024 46 Submitting jobs: 824695 824751 854360 900039
Wed Jul 17 01:47:04 JST 2024 46 824751 824695 854360 900039 All jobs for this iteration are completed.
Wed Jul 17 02:03:46 JST 2024 47 Submitting jobs: 641921 921259 164522 414071
Wed Jul 17 03:15:17 JST 2024 47 414071 641921 921259 164522 All jobs for this iteration are completed.
Wed Jul 17 03:32:23 JST 2024 48 Submitting jobs: 402538 330616 100418 344627
Wed Jul 17 06:18:15 JST 2024 48 330616 344627 100418 402538 All jobs for this iteration are completed.
Wed Jul 17 06:34:41 JST 2024 49 Submitting jobs: 586541 204446 312667 16677
Wed Jul 17 08:59:03 JST 2024 49 16677 586541 312667 204446 All jobs for this iteration are completed.
Wed Jul 17 09:15:50 JST 2024 50 Submitting jobs: 102340 739044 342133 664432
Wed Jul 17 11:14:12 JST 2024 50 739044 102340 342133 664432 All jobs for this iteration are completed.
